# JRE version: OpenJDK Runtime Environment (8.0) (build 1.8.0-adoptopenjdk-_2018_05_19_00_59-b00)
# Java VM: OpenJDK 64-Bit Server VM (25.71-b00 mixed mode windows-amd64 compressed oops)
Heap:
 PSYoungGen      total 28672K, used 18113K [0x000000076ab00000, 0x000000076ec00000, 0x00000007c0000000)
  eden space 24576K, 57% used [0x000000076ab00000,0x000000076b8b4718,0x000000076c300000)
  from space 4096K, 99% used [0x000000076c300000,0x000000076c6fc050,0x000000076c700000)
  to   space 8704K, 0% used [0x000000076e380000,0x000000076e380000,0x000000076ec00000)
 ParOldGen       total 65536K, used 6779K [0x00000006c0000000, 0x00000006c4000000, 0x000000076ab00000)
  object space 65536K, 10% used [0x00000006c0000000,0x00000006c069ed28,0x00000006c4000000)
 Metaspace       used 18286K, capacity 18560K, committed 18688K, reserved 1064960K
  class space    used 2575K, capacity 2690K, committed 2816K, reserved 1048576K
GC Heap History (10 events):
Event: 2.055 GC heap before
{Heap before GC invocations=1 (full 0):
 PSYoungGen      total 28672K, used 24576K [0x000000076ab00000, 0x000000076cb00000, 0x00000007c0000000)
  eden space 24576K, 100% used [0x000000076ab00000,0x000000076c300000,0x000000076c300000)
  from space 4096K, 0% used [0x000000076c700000,0x000000076c700000,0x000000076cb00000)
  to   space 4096K, 0% used [0x000000076c300000,0x000000076c300000,0x000000076c700000)
 ParOldGen       total 65536K, used 0K [0x00000006c0000000, 0x00000006c4000000, 0x000000076ab00000)
  object space 65536K, 0% used [0x00000006c0000000,0x00000006c0000000,0x00000006c4000000)
 Metaspace       used 6936K, capacity 7056K, committed 7424K, reserved 1056768K
  class space    used 846K, capacity 908K, committed 1024K, reserved 1048576K
Event: 2.072 GC heap after
Heap after GC invocations=1 (full 0):
 PSYoungGen      total 28672K, used 4094K [0x000000076ab00000, 0x000000076cb00000, 0x00000007c0000000)
  eden space 24576K, 0% used [0x000000076ab00000,0x000000076ab00000,0x000000076c300000)
  from space 4096K, 99% used [0x000000076c300000,0x000000076c6ffa18,0x000000076c700000)
  to   space 4096K, 0% used [0x000000076c700000,0x000000076c700000,0x000000076cb00000)
 ParOldGen       total 65536K, used 28K [0x00000006c0000000, 0x00000006c4000000, 0x000000076ab00000)
  object space 65536K, 0% used [0x00000006c0000000,0x00000006c0007128,0x00000006c4000000)
 Metaspace       used 6936K, capacity 7056K, committed 7424K, reserved 1056768K
  class space    used 846K, capacity 908K, committed 1024K, reserved 1048576K
}
Event: 2.944 GC heap before
{Heap before GC invocations=2 (full 0):
 PSYoungGen      total 28672K, used 28670K [0x000000076ab00000, 0x000000076cb00000, 0x00000007c0000000)
  eden space 24576K, 100% used [0x000000076ab00000,0x000000076c300000,0x000000076c300000)
  from space 4096K, 99% used [0x000000076c300000,0x000000076c6ffa18,0x000000076c700000)
  to   space 4096K, 0% used [0x000000076c700000,0x000000076c700000,0x000000076cb00000)
 ParOldGen       total 65536K, used 28K [0x00000006c0000000, 0x00000006c4000000, 0x000000076ab00000)
  object space 65536K, 0% used [0x00000006c0000000,0x00000006c0007128,0x00000006c4000000)
 Metaspace       used 7241K, capacity 7434K, committed 7680K, reserved 1056768K
  class space    used 898K, capacity 949K, committed 1024K, reserved 1048576K
Event: 2.955 GC heap after
Heap after GC invocations=2 (full 0):
 PSYoungGen      total 28672K, used 2965K [0x000000076ab00000, 0x000000076cb00000, 0x00000007c0000000)
  eden space 24576K, 0% used [0x000000076ab00000,0x000000076ab00000,0x000000076c300000)
  from space 4096K, 72% used [0x000000076c700000,0x000000076c9e5638,0x000000076cb00000)
  to   space 4096K, 0% used [0x000000076c300000,0x000000076c300000,0x000000076c700000)
 ParOldGen       total 65536K, used 36K [0x00000006c0000000, 0x00000006c4000000, 0x000000076ab00000)
  object space 65536K, 0% used [0x00000006c0000000,0x00000006c0009128,0x00000006c4000000)
 Metaspace       used 7241K, capacity 7434K, committed 7680K, reserved 1056768K
  class space    used 898K, capacity 949K, committed 1024K, reserved 1048576K
}
Event: 4.882 GC heap before
{Heap before GC invocations=3 (full 0):
 PSYoungGen      total 28672K, used 27541K [0x000000076ab00000, 0x000000076cb00000, 0x00000007c0000000)
  eden space 24576K, 100% used [0x000000076ab00000,0x000000076c300000,0x000000076c300000)
  from space 4096K, 72% used [0x000000076c700000,0x000000076c9e5638,0x000000076cb00000)
  to   space 4096K, 0% used [0x000000076c300000,0x000000076c300000,0x000000076c700000)
 ParOldGen       total 65536K, used 36K [0x00000006c0000000, 0x00000006c4000000, 0x000000076ab00000)
  object space 65536K, 0% used [0x00000006c0000000,0x00000006c0009128,0x00000006c4000000)
 Metaspace       used 12267K, capacity 12632K, committed 12800K, reserved 1060864K
  class space    used 1630K, capacity 1760K, committed 1792K, reserved 1048576K
Event: 4.901 GC heap after
Heap after GC invocations=3 (full 0):
 PSYoungGen      total 28672K, used 4088K [0x000000076ab00000, 0x000000076cb00000, 0x00000007c0000000)
  eden space 24576K, 0% used [0x000000076ab00000,0x000000076ab00000,0x000000076c300000)
  from space 4096K, 99% used [0x000000076c300000,0x000000076c6fe228,0x000000076c700000)
  to   space 4096K, 0% used [0x000000076c700000,0x000000076c700000,0x000000076cb00000)
 ParOldGen       total 65536K, used 1649K [0x00000006c0000000, 0x00000006c4000000, 0x000000076ab00000)
  object space 65536K, 2% used [0x00000006c0000000,0x00000006c019c588,0x00000006c4000000)
 Metaspace       used 12267K, capacity 12632K, committed 12800K, reserved 1060864K
  class space    used 1630K, capacity 1760K, committed 1792K, reserved 1048576K
}
Event: 5.571 GC heap before
{Heap before GC invocations=4 (full 0):
 PSYoungGen      total 28672K, used 28664K [0x000000076ab00000, 0x000000076cb00000, 0x00000007c0000000)
  eden space 24576K, 100% used [0x000000076ab00000,0x000000076c300000,0x000000076c300000)
  from space 4096K, 99% used [0x000000076c300000,0x000000076c6fe228,0x000000076c700000)
  to   space 4096K, 0% used [0x000000076c700000,0x000000076c700000,0x000000076cb00000)
 ParOldGen       total 65536K, used 1649K [0x00000006c0000000, 0x00000006c4000000, 0x000000076ab00000)
  object space 65536K, 2% used [0x00000006c0000000,0x00000006c019c588,0x00000006c4000000)
 Metaspace       used 14067K, capacity 14298K, committed 14464K, reserved 1060864K
  class space    used 1964K, capacity 2081K, committed 2176K, reserved 1048576K
Event: 5.603 GC heap after
Heap after GC invocations=4 (full 0):
 PSYoungGen      total 28672K, used 4080K [0x000000076ab00000, 0x000000076e300000, 0x00000007c0000000)
  eden space 24576K, 0% used [0x000000076ab00000,0x000000076ab00000,0x000000076c300000)
  from space 4096K, 99% used [0x000000076c700000,0x000000076cafc050,0x000000076cb00000)
  to   space 4096K, 0% used [0x000000076c300000,0x000000076c300000,0x000000076c700000)
 ParOldGen       total 65536K, used 3754K [0x00000006c0000000, 0x00000006c4000000, 0x000000076ab00000)
  object space 65536K, 5% used [0x00000006c0000000,0x00000006c03aab38,0x00000006c4000000)
 Metaspace       used 14067K, capacity 14298K, committed 14464K, reserved 1060864K
  class space    used 1964K, capacity 2081K, committed 2176K, reserved 1048576K
}
Event: 6.740 GC heap before
{Heap before GC invocations=5 (full 0):
 PSYoungGen      total 28672K, used 28656K [0x000000076ab00000, 0x000000076e300000, 0x00000007c0000000)
  eden space 24576K, 100% used [0x000000076ab00000,0x000000076c300000,0x000000076c300000)
  from space 4096K, 99% used [0x000000076c700000,0x000000076cafc050,0x000000076cb00000)
  to   space 4096K, 0% used [0x000000076c300000,0x000000076c300000,0x000000076c700000)
 ParOldGen       total 65536K, used 3754K [0x00000006c0000000, 0x00000006c4000000, 0x000000076ab00000)
  object space 65536K, 5% used [0x00000006c0000000,0x00000006c03aab38,0x00000006c4000000)
 Metaspace       used 16389K, capacity 16730K, committed 16896K, reserved 1062912K
  class space    used 2347K, capacity 2465K, committed 2560K, reserved 1048576K
Event: 6.773 GC heap after
Heap after GC invocations=5 (full 0):
 PSYoungGen      total 28672K, used 4080K [0x000000076ab00000, 0x000000076ec00000, 0x00000007c0000000)
  eden space 24576K, 0% used [0x000000076ab00000,0x000000076ab00000,0x000000076c300000)
  from space 4096K, 99% used [0x000000076c300000,0x000000076c6fc050,0x000000076c700000)
  to   space 8704K, 0% used [0x000000076e380000,0x000000076e380000,0x000000076ec00000)
 ParOldGen       total 65536K, used 6779K [0x00000006c0000000, 0x00000006c4000000, 0x000000076ab00000)
  object space 65536K, 10% used [0x00000006c0000000,0x00000006c069ed28,0x00000006c4000000)
 Metaspace       used 16389K, capacity 16730K, committed 16896K, reserved 1062912K
  class space    used 2347K, capacity 2465K, committed 2560K, reserved 1048576K
}

